Build started 06-10-2018 19:14:34.
     1>Project "C:\Users\Anupama\documents\visual studio 2010\Projects\final\final\final.vcxproj" on node 2 (build target(s)).
     1>InitializeBuildStatus:
         Creating "Debug\final.unsuccessfulbuild" because "AlwaysCreate" was specified.
       ClCompile:
         C:\Program Files (x86)\Microsoft Visual Studio 10.0\VC\bin\CL.exe /c /ZI /nologo /W3 /WX- /Od /Oy- /D WIN32 /D _DEBUG /D _CONSOLE /D _UNICODE /D UNICODE /Gm /EHsc /RTC1 /MDd /GS /fp:precise /Zc:wchar_t /Zc:forScope /Fo"Debug\\" /Fd"Debug\vc100.pdb" /Gd /TP /analyze- /errorReport:prompt lbi.cpp
         Skipping... (no relevant changes detected)
         lbi.cpp
       ManifestResourceCompile:
         All outputs are up-to-date.
       Link:
         C:\Program Files (x86)\Microsoft Visual Studio 10.0\VC\bin\link.exe /ERRORREPORT:PROMPT /OUT:"C:\Users\Anupama\documents\visual studio 2010\Projects\final\Debug\final.exe" /INCREMENTAL /NOLOGO kernel32.lib user32.lib gdi32.lib winspool.lib comdlg32.lib advapi32.lib shell32.lib ole32.lib oleaut32.lib uuid.lib odbc32.lib odbccp32.lib /MANIFEST /ManifestFile:"Debug\final.exe.intermediate.manifest" /MANIFESTUAC:"level='asInvoker' uiAccess='false'" /DEBUG /PDB:"C:\Users\Anupama\documents\visual studio 2010\Projects\final\Debug\final.pdb" /SUBSYSTEM:CONSOLE /TLBID:1 /DYNAMICBASE /NXCOMPAT /IMPLIB:"C:\Users\Anupama\documents\visual studio 2010\Projects\final\Debug\final.lib" /MACHINE:X86 Debug\final.exe.embed.manifest.res
         Debug\lbi.obj
       Manifest:
         C:\Program Files (x86)\Microsoft SDKs\Windows\v7.0A\bin\mt.exe /nologo /verbose /out:"Debug\final.exe.embed.manifest" /manifest Debug\final.exe.intermediate.manifest
         All outputs are up-to-date.
       LinkEmbedManifest:
         All outputs are up-to-date.
         final.vcxproj -> C:\Users\Anupama\documents\visual studio 2010\Projects\final\Debug\final.exe
       FinalizeBuildStatus:
         Deleting file "Debug\final.unsuccessfulbuild".
         Touching "Debug\final.lastbuildstate".
     1>Done Building Project "C:\Users\Anupama\documents\visual studio 2010\Projects\final\final\final.vcxproj" (build target(s)).

Build succeeded.

Time Elapsed 00:00:03.08
